#-----------------------------------------------------------
# Vivado v2018.3 (64-bit)
# SW Build 2405991 on Thu Dec  6 23:38:27 MST 2018
# IP Build 2404404 on Fri Dec  7 01:43:56 MST 2018
# Start of session at: Wed Dec 15 09:15:23 2021
# Process ID: 12228
# Current directory: E:/midterm/NYU-6463-RV32I Processor_Group40/NYU-6463-RV32I Processor_Group4
# Command line: vivado.exe -gui_launcher_event rodinguilauncherevent17488 E:\midterm\NYU-6463-RV32I Processor_Group40\NYU-6463-RV32I Processor_Group4\NYU-6463-RV32I Processor.xpr
# Log file: E:/midterm/NYU-6463-RV32I Processor_Group40/NYU-6463-RV32I Processor_Group4/vivado.log
# Journal file: E:/midterm/NYU-6463-RV32I Processor_Group40/NYU-6463-RV32I Processor_Group4\vivado.jou
#-----------------------------------------------------------
start_gui
open_project {E:/midterm/NYU-6463-RV32I Processor_Group40/NYU-6463-RV32I Processor_Group4/NYU-6463-RV32I Processor.xpr}
Scanning sources...
Finished scanning sources
INFO: [IP_Flow 19-234] Refreshing IP repositories
INFO: [IP_Flow 19-1704] No user IP repositories specified
INFO: [IP_Flow 19-2313] Loaded Vivado IP repository 'D:/vivado2018/Vivado/2018.3/data/ip'.
open_project: Time (s): cpu = 00:00:19 ; elapsed = 00:00:08 . Memory (MB): peak = 739.555 ; gain = 105.176
update_compile_order -fileset sources_1
exit
INFO: [Common 17-206] Exiting Vivado at Wed Dec 15 09:16:00 2021...
