
*** Running vivado
    with args -log nyu_Processor.vdi -applog -m64 -product Vivado -messageDb vivado.pb -mode batch -source nyu_Processor.tcl -notrace


****** Vivado v2018.3 (64-bit)
  **** SW Build 2405991 on Thu Dec  6 23:38:27 MST 2018
  **** IP Build 2404404 on Fri Dec  7 01:43:56 MST 2018
    ** Copyright 1986-2018 Xilinx, Inc. All Rights Reserved.

source nyu_Processor.tcl -notrace
Command: open_checkpoint {E:/midterm/NYU-6463-RV32I Processor_Group40/NYU-6463-RV32I Processor_Group4/NYU-6463-RV32I Processor.runs/impl_1/nyu_Processor.dcp}

Starting open_checkpoint Task

Time (s): cpu = 00:00:00 ; elapsed = 00:00:00.026 . Memory (MB): peak = 249.145 ; gain = 0.000
INFO: [Netlist 29-17] Analyzing 3 Unisim elements for replacement
INFO: [Netlist 29-28] Unisim Transformation completed in 0 CPU seconds
INFO: [Project 1-479] Netlist was created with Vivado 2018.3
INFO: [Device 21-403] Loading part xc7a35tcpg236-3
INFO: [Project 1-570] Preparing netlist for logic optimization
INFO: [Timing 38-478] Restoring timing data from binary archive.
INFO: [Timing 38-479] Binary timing data restore complete.
INFO: [Project 1-856] Restoring constraints from binary archive.
INFO: [Project 1-853] Binary constraint restore complete.
Netlist sorting complete. Time (s): cpu = 00:00:00 ; elapsed = 00:00:00 . Memory (MB): peak = 1146.113 ; gain = 0.000
INFO: [Project 1-111] Unisim Transformation Summary:
No Unisim elements were transformed.

INFO: [Project 1-604] Checkpoint was created with Vivado v2018.3 (64-bit) build 2405991
open_checkpoint: Time (s): cpu = 00:00:13 ; elapsed = 00:00:15 . Memory (MB): peak = 1146.113 ; gain = 896.969
Command: opt_design
Attempting to get a license for feature 'Implementation' and/or device 'xc7a35t'
INFO: [Common 17-349] Got license for feature 'Implementation' and/or device 'xc7a35t'
Running DRC as a precondition to command opt_design

Starting DRC Task
INFO: [DRC 23-27] Running DRC with 2 threads
INFO: [Project 1-461] DRC finished with 0 Errors
INFO: [Project 1-462] Please refer to the DRC report (report_drc) for more information.

Time (s): cpu = 00:00:01 ; elapsed = 00:00:00.654 . Memory (MB): peak = 1157.047 ; gain = 10.934

Starting Cache Timing Information Task
Ending Cache Timing Information Task | Checksum: 101340a5a

Time (s): cpu = 00:00:00 ; elapsed = 00:00:00.029 . Memory (MB): peak = 1157.047 ; gain = 0.000

Starting Logic Optimization Task

Phase 1 Retarget
INFO: [Opt 31-138] Pushed 0 inverter(s) to 0 load pin(s).
INFO: [Opt 31-49] Retargeted 0 cell(s).
Phase 1 Retarget | Checksum: 101340a5a

Time (s): cpu = 00:00:00 ; elapsed = 00:00:00.073 . Memory (MB): peak = 1238.613 ; gain = 0.000
INFO: [Opt 31-389] Phase Retarget created 0 cells and removed 0 cells

Phase 2 Constant propagation
INFO: [Opt 31-138] Pushed 0 inverter(s) to 0 load pin(s).
Phase 2 Constant propagation | Checksum: c8240272

Time (s): cpu = 00:00:00 ; elapsed = 00:00:00.076 . Memory (MB): peak = 1238.613 ; gain = 0.000
INFO: [Opt 31-389] Phase Constant propagation created 0 cells and removed 0 cells

Phase 3 Sweep
Phase 3 Sweep | Checksum: 113e137f9

Time (s): cpu = 00:00:00 ; elapsed = 00:00:00.078 . Memory (MB): peak = 1238.613 ; gain = 0.000
INFO: [Opt 31-389] Phase Sweep created 0 cells and removed 0 cells

Phase 4 BUFG optimization
Phase 4 BUFG optimization | Checksum: 113e137f9

Time (s): cpu = 00:00:00 ; elapsed = 00:00:00.080 . Memory (MB): peak = 1238.613 ; gain = 0.000
INFO: [Opt 31-662] Phase BUFG optimization created 0 cells of which 0 are BUFGs and removed 0 cells.

Phase 5 Shift Register Optimization
Phase 5 Shift Register Optimization | Checksum: 1135fe332

Time (s): cpu = 00:00:00 ; elapsed = 00:00:00.096 . Memory (MB): peak = 1238.613 ; gain = 0.000
INFO: [Opt 31-389] Phase Shift Register Optimization created 0 cells and removed 0 cells

Phase 6 Post Processing Netlist
Phase 6 Post Processing Netlist | Checksum: 1135fe332

Time (s): cpu = 00:00:00 ; elapsed = 00:00:00.097 . Memory (MB): peak = 1238.613 ; gain = 0.000
INFO: [Opt 31-389] Phase Post Processing Netlist created 0 cells and removed 0 cells
Opt_design Change Summary
=========================


-------------------------------------------------------------------------------------------------------------------------
|  Phase                        |  #Cells created  |  #Cells Removed  |  #Constrained objects preventing optimizations  |
-------------------------------------------------------------------------------------------------------------------------
|  Retarget                     |               0  |               0  |                                              0  |
|  Constant propagation         |               0  |               0  |                                              0  |
|  Sweep                        |               0  |               0  |                                              0  |
|  BUFG optimization            |               0  |               0  |                                              0  |
|  Shift Register Optimization  |               0  |               0  |                                              0  |
|  Post Processing Netlist      |               0  |               0  |                                              0  |
-------------------------------------------------------------------------------------------------------------------------



Starting Connectivity Check Task

Time (s): cpu = 00:00:00 ; elapsed = 00:00:00 . Memory (MB): peak = 1238.613 ; gain = 0.000
Ending Logic Optimization Task | Checksum: 1135fe332

Time (s): cpu = 00:00:00 ; elapsed = 00:00:00.100 . Memory (MB): peak = 1238.613 ; gain = 0.000

Starting Power Optimization Task
INFO: [Pwropt 34-132] Skipping clock gating for clocks with a period < 2.00 ns.
Ending Power Optimization Task | Checksum: 1135fe332

Time (s): cpu = 00:00:00 ; elapsed = 00:00:00.007 . Memory (MB): peak = 1238.613 ; gain = 0.000

Starting Final Cleanup Task
Ending Final Cleanup Task | Checksum: 1135fe332

Time (s): cpu = 00:00:00 ; elapsed = 00:00:00 . Memory (MB): peak = 1238.613 ; gain = 0.000

Starting Netlist Obfuscation Task
Netlist sorting complete. Time (s): cpu = 00:00:00 ; elapsed = 00:00:00 . Memory (MB): peak = 1238.613 ; gain = 0.000
Ending Netlist Obfuscation Task | Checksum: 1135fe332

Time (s): cpu = 00:00:00 ; elapsed = 00:00:00 . Memory (MB): peak = 1238.613 ; gain = 0.000
INFO: [Common 17-83] Releasing license: Implementation
26 Infos, 0 Warnings, 0 Critical Warnings and 0 Errors encountered.
opt_design completed successfully
Netlist sorting complete. Time (s): cpu = 00:00:00 ; elapsed = 00:00:00 . Memory (MB): peak = 1238.613 ; gain = 0.000
INFO: [Timing 38-480] Writing timing data to binary archive.
Netlist sorting complete. Time (s): cpu = 00:00:00 ; elapsed = 00:00:00 . Memory (MB): peak = 1238.613 ; gain = 0.000
INFO: [Common 17-1381] The checkpoint 'E:/midterm/NYU-6463-RV32I Processor_Group40/NYU-6463-RV32I Processor_Group4/NYU-6463-RV32I Processor.runs/impl_1/nyu_Processor_opt.dcp' has been generated.
INFO: [runtcl-4] Executing : report_drc -file nyu_Processor_drc_opted.rpt -pb nyu_Processor_drc_opted.pb -rpx nyu_Processor_drc_opted.rpx
Command: report_drc -file nyu_Processor_drc_opted.rpt -pb nyu_Processor_drc_opted.pb -rpx nyu_Processor_drc_opted.rpx
INFO: [IP_Flow 19-234] Refreshing IP repositories
INFO: [IP_Flow 19-1704] No user IP repositories specified
INFO: [IP_Flow 19-2313] Loaded Vivado IP repository 'D:/vivado2018/Vivado/2018.3/data/ip'.
INFO: [DRC 23-27] Running DRC with 2 threads
INFO: [Coretcl 2-168] The results of DRC are in file E:/midterm/NYU-6463-RV32I Processor_Group40/NYU-6463-RV32I Processor_Group4/NYU-6463-RV32I Processor.runs/impl_1/nyu_Processor_drc_opted.rpt.
report_drc completed successfully
Command: place_design
Attempting to get a license for feature 'Implementation' and/or device 'xc7a35t'
INFO: [Common 17-349] Got license for feature 'Implementation' and/or device 'xc7a35t'
INFO: [DRC 23-27] Running DRC with 2 threads
INFO: [Vivado_Tcl 4-198] DRC finished with 0 Errors
INFO: [Vivado_Tcl 4-199] Please refer to the DRC report (report_drc) for more information.
Running DRC as a precondition to command place_design
INFO: [DRC 23-27] Running DRC with 2 threads
INFO: [Vivado_Tcl 4-198] DRC finished with 0 Errors
INFO: [Vivado_Tcl 4-199] Please refer to the DRC report (report_drc) for more information.

Starting Placer Task
INFO: [Place 30-611] Multithreading enabled for place_design using a maximum of 2 CPUs

Phase 1 Placer Initialization

Phase 1.1 Placer Initialization Netlist Sorting
Netlist sorting complete. Time (s): cpu = 00:00:00 ; elapsed = 00:00:00 . Memory (MB): peak = 1238.613 ; gain = 0.000
Phase 1.1 Placer Initialization Netlist Sorting | Checksum: 97a5b853

Time (s): cpu = 00:00:00 ; elapsed = 00:00:00.004 . Memory (MB): peak = 1238.613 ; gain = 0.000
Netlist sorting complete. Time (s): cpu = 00:00:00 ; elapsed = 00:00:00 . Memory (MB): peak = 1238.613 ; gain = 0.000

Phase 1.2 IO Placement/ Clock Placement/ Build Placer Device
Phase 1.2 IO Placement/ Clock Placement/ Build Placer Device | Checksum: 9d16b958

Time (s): cpu = 00:00:01 ; elapsed = 00:00:00.851 . Memory (MB): peak = 1243.914 ; gain = 5.301

Phase 1.3 Build Placer Netlist Model
Phase 1.3 Build Placer Netlist Model | Checksum: 16df0b975

Time (s): cpu = 00:00:02 ; elapsed = 00:00:00.913 . Memory (MB): peak = 1251.551 ; gain = 12.938

Phase 1.4 Constrain Clocks/Macros
Phase 1.4 Constrain Clocks/Macros | Checksum: 16df0b975

Time (s): cpu = 00:00:02 ; elapsed = 00:00:00.915 . Memory (MB): peak = 1251.551 ; gain = 12.938
Phase 1 Placer Initialization | Checksum: 16df0b975

Time (s): cpu = 00:00:02 ; elapsed = 00:00:00.916 . Memory (MB): peak = 1251.551 ; gain = 12.938

Phase 2 Global Placement

Phase 2.1 Floorplanning
Phase 2.1 Floorplanning | Checksum: 15b8fe4de

Time (s): cpu = 00:00:02 ; elapsed = 00:00:00.954 . Memory (MB): peak = 1251.551 ; gain = 12.938

Phase 2.2 Physical Synthesis In Placer
INFO: [Physopt 32-65] No nets found for high-fanout optimization.
INFO: [Physopt 32-232] Optimized 0 net. Created 0 new instance.
INFO: [Physopt 32-775] End 1 Pass. Optimized 0 net or cell. Created 0 new cell, deleted 0 existing cell and moved 0 existing cell
INFO: [Physopt 32-670] No setup violation found.  DSP Register Optimization was not performed.
INFO: [Physopt 32-670] No setup violation found.  Shift Register Optimization was not performed.
INFO: [Physopt 32-670] No setup violation found.  BRAM Register Optimization was not performed.
INFO: [Physopt 32-949] No candidate nets found for HD net replication
INFO: [Physopt 32-775] End 1 Pass. Optimized 0 net or cell. Created 0 new cell, deleted 0 existing cell and moved 0 existing cell
Netlist sorting complete. Time (s): cpu = 00:00:00 ; elapsed = 00:00:00 . Memory (MB): peak = 1251.551 ; gain = 0.000

Summary of Physical Synthesis Optimizations
============================================


----------------------------------------------------------------------------------------------------------------------------------------
|  Optimization                  |  Added Cells  |  Removed Cells  |  Optimized Cells/Nets  |  Dont Touch  |  Iterations  |  Elapsed   |
----------------------------------------------------------------------------------------------------------------------------------------
|  Very High Fanout              |            0  |              0  |                     0  |           0  |           1  |  00:00:00  |
|  DSP Register                  |            0  |              0  |                     0  |           0  |           0  |  00:00:00  |
|  Shift Register                |            0  |              0  |                     0  |           0  |           0  |  00:00:00  |
|  BRAM Register                 |            0  |              0  |                     0  |           0  |           0  |  00:00:00  |
|  HD Interface Net Replication  |            0  |              0  |                     0  |           0  |           1  |  00:00:00  |
|  Total                         |            0  |              0  |                     0  |           0  |           2  |  00:00:00  |
----------------------------------------------------------------------------------------------------------------------------------------


Phase 2.2 Physical Synthesis In Placer | Checksum: 120040ac1

Time (s): cpu = 00:00:02 ; elapsed = 00:00:01 . Memory (MB): peak = 1251.551 ; gain = 12.938
Phase 2 Global Placement | Checksum: 18f80515e

Time (s): cpu = 00:00:02 ; elapsed = 00:00:01 . Memory (MB): peak = 1251.551 ; gain = 12.938

Phase 3 Detail Placement

Phase 3.1 Commit Multi Column Macros
Phase 3.1 Commit Multi Column Macros | Checksum: 18f80515e

Time (s): cpu = 00:00:02 ; elapsed = 00:00:01 . Memory (MB): peak = 1251.551 ; gain = 12.938

Phase 3.2 Commit Most Macros & LUTRAMs
Phase 3.2 Commit Most Macros & LUTRAMs | Checksum: ecd26bba

Time (s): cpu = 00:00:02 ; elapsed = 00:00:01 . Memory (MB): peak = 1251.551 ; gain = 12.938

Phase 3.3 Area Swap Optimization
Phase 3.3 Area Swap Optimization | Checksum: 1c9ee4fd5

Time (s): cpu = 00:00:02 ; elapsed = 00:00:01 . Memory (MB): peak = 1251.551 ; gain = 12.938

Phase 3.4 Pipeline Register Optimization
Phase 3.4 Pipeline Register Optimization | Checksum: 1a99b61fa

Time (s): cpu = 00:00:02 ; elapsed = 00:00:01 . Memory (MB): peak = 1251.551 ; gain = 12.938

Phase 3.5 Small Shape Detail Placement
Phase 3.5 Small Shape Detail Placement | Checksum: 131f74df9

Time (s): cpu = 00:00:02 ; elapsed = 00:00:01 . Memory (MB): peak = 1251.551 ; gain = 12.938

Phase 3.6 Re-assign LUT pins
Phase 3.6 Re-assign LUT pins | Checksum: e32e10fb

Time (s): cpu = 00:00:02 ; elapsed = 00:00:01 . Memory (MB): peak = 1251.551 ; gain = 12.938

Phase 3.7 Pipeline Register Optimization
Phase 3.7 Pipeline Register Optimization | Checksum: 103897ee2

Time (s): cpu = 00:00:02 ; elapsed = 00:00:01 . Memory (MB): peak = 1251.551 ; gain = 12.938
Phase 3 Detail Placement | Checksum: 103897ee2

Time (s): cpu = 00:00:02 ; elapsed = 00:00:01 . Memory (MB): peak = 1251.551 ; gain = 12.938

Phase 4 Post Placement Optimization and Clean-Up

Phase 4.1 Post Commit Optimization

Phase 4.1.1 Post Placement Optimization
Post Placement Optimization Initialization | Checksum: a546e67e

Phase 4.1.1.1 BUFG Insertion
INFO: [Place 46-46] BUFG insertion identified 0 candidate nets, 0 success, 0 bufg driver replicated, 0 skipped for placement/routing, 0 skipped for timing, 0 skipped for netlist change reason
Phase 4.1.1.1 BUFG Insertion | Checksum: a546e67e

Time (s): cpu = 00:00:02 ; elapsed = 00:00:01 . Memory (MB): peak = 1251.551 ; gain = 12.938
INFO: [Place 30-746] Post Placement Timing Summary WNS=17.951. For the most accurate timing information please run report_timing.
Phase 4.1.1 Post Placement Optimization | Checksum: 119c0072d

Time (s): cpu = 00:00:02 ; elapsed = 00:00:01 . Memory (MB): peak = 1251.551 ; gain = 12.938
Phase 4.1 Post Commit Optimization | Checksum: 119c0072d

Time (s): cpu = 00:00:02 ; elapsed = 00:00:01 . Memory (MB): peak = 1251.551 ; gain = 12.938

Phase 4.2 Post Placement Cleanup
Phase 4.2 Post Placement Cleanup | Checksum: 119c0072d

Time (s): cpu = 00:00:02 ; elapsed = 00:00:01 . Memory (MB): peak = 1251.551 ; gain = 12.938

Phase 4.3 Placer Reporting
Phase 4.3 Placer Reporting | Checksum: 119c0072d

Time (s): cpu = 00:00:02 ; elapsed = 00:00:01 . Memory (MB): peak = 1251.551 ; gain = 12.938

Phase 4.4 Final Placement Cleanup
Netlist sorting complete. Time (s): cpu = 00:00:00 ; elapsed = 00:00:00 . Memory (MB): peak = 1251.551 ; gain = 0.000
Phase 4.4 Final Placement Cleanup | Checksum: 1937290d8

Time (s): cpu = 00:00:02 ; elapsed = 00:00:01 . Memory (MB): peak = 1251.551 ; gain = 12.938
Phase 4 Post Placement Optimization and Clean-Up | Checksum: 1937290d8

Time (s): cpu = 00:00:02 ; elapsed = 00:00:01 . Memory (MB): peak = 1251.551 ; gain = 12.938
Ending Placer Task | Checksum: ca181e08

Time (s): cpu = 00:00:02 ; elapsed = 00:00:01 . Memory (MB): peak = 1251.551 ; gain = 12.938
INFO: [Common 17-83] Releasing license: Implementation
53 Infos, 0 Warnings, 0 Critical Warnings and 0 Errors encountered.
place_design completed successfully
Netlist sorting complete. Time (s): cpu = 00:00:00 ; elapsed = 00:00:00 . Memory (MB): peak = 1251.551 ; gain = 0.000
INFO: [Timing 38-480] Writing timing data to binary archive.
Writing placer database...
Writing XDEF routing.
Netlist sorting complete. Time (s): cpu = 00:00:00 ; elapsed = 00:00:00 . Memory (MB): peak = 1257.895 ; gain = 0.000
Writing XDEF routing logical nets.
Writing XDEF routing special nets.
Write XDEF Complete: Time (s): cpu = 00:00:01 ; elapsed = 00:00:00.106 . Memory (MB): peak = 1257.895 ; gain = 6.344
INFO: [Common 17-1381] The checkpoint 'E:/midterm/NYU-6463-RV32I Processor_Group40/NYU-6463-RV32I Processor_Group4/NYU-6463-RV32I Processor.runs/impl_1/nyu_Processor_placed.dcp' has been generated.
INFO: [runtcl-4] Executing : report_io -file nyu_Processor_io_placed.rpt
report_io: Time (s): cpu = 00:00:00 ; elapsed = 00:00:00.031 . Memory (MB): peak = 1258.453 ; gain = 0.000
INFO: [runtcl-4] Executing : report_utilization -file nyu_Processor_utilization_placed.rpt -pb nyu_Processor_utilization_placed.pb
INFO: [runtcl-4] Executing : report_control_sets -verbose -file nyu_Processor_control_sets_placed.rpt
report_control_sets: Time (s): cpu = 00:00:00 ; elapsed = 00:00:00.001 . Memory (MB): peak = 1258.453 ; gain = 0.000
Command: route_design
Attempting to get a license for feature 'Implementation' and/or device 'xc7a35t'
INFO: [Common 17-349] Got license for feature 'Implementation' and/or device 'xc7a35t'
Running DRC as a precondition to command route_design
INFO: [DRC 23-27] Running DRC with 2 threads
INFO: [Vivado_Tcl 4-198] DRC finished with 0 Errors
INFO: [Vivado_Tcl 4-199] Please refer to the DRC report (report_drc) for more information.


Starting Routing Task
INFO: [Route 35-254] Multithreading enabled for route_design using a maximum of 2 CPUs
Checksum: PlaceDB: bfc9198 ConstDB: 0 ShapeSum: be1b8c70 RouteDB: 0

Phase 1 Build RT Design
Phase 1 Build RT Design | Checksum: f58baaaa

Time (s): cpu = 00:00:23 ; elapsed = 00:00:20 . Memory (MB): peak = 1384.219 ; gain = 125.766
Post Restoration Checksum: NetGraph: e95ca76 NumContArr: e6f5e034 Constraints: 0 Timing: 0

Phase 2 Router Initialization

Phase 2.1 Create Timer
Phase 2.1 Create Timer | Checksum: f58baaaa

Time (s): cpu = 00:00:23 ; elapsed = 00:00:20 . Memory (MB): peak = 1410.496 ; gain = 152.043

Phase 2.2 Fix Topology Constraints
Phase 2.2 Fix Topology Constraints | Checksum: f58baaaa

Time (s): cpu = 00:00:23 ; elapsed = 00:00:20 . Memory (MB): peak = 1416.535 ; gain = 158.082

Phase 2.3 Pre Route Cleanup
Phase 2.3 Pre Route Cleanup | Checksum: f58baaaa

Time (s): cpu = 00:00:23 ; elapsed = 00:00:20 . Memory (MB): peak = 1416.535 ; gain = 158.082
 Number of Nodes with overlaps = 0

Phase 2.4 Update Timing
Phase 2.4 Update Timing | Checksum: 2460be293

Time (s): cpu = 00:00:23 ; elapsed = 00:00:20 . Memory (MB): peak = 1420.676 ; gain = 162.223
INFO: [Route 35-416] Intermediate Timing Summary | WNS=17.946 | TNS=0.000  | WHS=-0.126 | THS=-1.626 |

Phase 2 Router Initialization | Checksum: 185a55325

Time (s): cpu = 00:00:23 ; elapsed = 00:00:20 . Memory (MB): peak = 1420.676 ; gain = 162.223

Phase 3 Initial Routing
Phase 3 Initial Routing | Checksum: 18e9b7ac3

Time (s): cpu = 00:00:23 ; elapsed = 00:00:20 . Memory (MB): peak = 1421.266 ; gain = 162.812

Phase 4 Rip-up And Reroute

Phase 4.1 Global Iteration 0
 Number of Nodes with overlaps = 1
 Number of Nodes with overlaps = 0
INFO: [Route 35-416] Intermediate Timing Summary | WNS=18.160 | TNS=0.000  | WHS=N/A    | THS=N/A    |

Phase 4.1 Global Iteration 0 | Checksum: 1c149bd16

Time (s): cpu = 00:00:23 ; elapsed = 00:00:20 . Memory (MB): peak = 1421.266 ; gain = 162.812
Phase 4 Rip-up And Reroute | Checksum: 1c149bd16

Time (s): cpu = 00:00:23 ; elapsed = 00:00:20 . Memory (MB): peak = 1421.266 ; gain = 162.812

Phase 5 Delay and Skew Optimization

Phase 5.1 Delay CleanUp
Phase 5.1 Delay CleanUp | Checksum: 1c149bd16

Time (s): cpu = 00:00:23 ; elapsed = 00:00:20 . Memory (MB): peak = 1421.266 ; gain = 162.812

Phase 5.2 Clock Skew Optimization
Phase 5.2 Clock Skew Optimization | Checksum: 1c149bd16

Time (s): cpu = 00:00:23 ; elapsed = 00:00:20 . Memory (MB): peak = 1421.266 ; gain = 162.812
Phase 5 Delay and Skew Optimization | Checksum: 1c149bd16

Time (s): cpu = 00:00:23 ; elapsed = 00:00:20 . Memory (MB): peak = 1421.266 ; gain = 162.812

Phase 6 Post Hold Fix

Phase 6.1 Hold Fix Iter

Phase 6.1.1 Update Timing
Phase 6.1.1 Update Timing | Checksum: 1c4750323

Time (s): cpu = 00:00:23 ; elapsed = 00:00:20 . Memory (MB): peak = 1421.266 ; gain = 162.812
INFO: [Route 35-416] Intermediate Timing Summary | WNS=18.236 | TNS=0.000  | WHS=0.158  | THS=0.000  |

Phase 6.1 Hold Fix Iter | Checksum: 1c4750323

Time (s): cpu = 00:00:23 ; elapsed = 00:00:20 . Memory (MB): peak = 1421.266 ; gain = 162.812
Phase 6 Post Hold Fix | Checksum: 1c4750323

Time (s): cpu = 00:00:23 ; elapsed = 00:00:20 . Memory (MB): peak = 1421.266 ; gain = 162.812

Phase 7 Route finalize

Router Utilization Summary
  Global Vertical Routing Utilization    = 0.0031093 %
  Global Horizontal Routing Utilization  = 0.00273295 %
  Routable Net Status*
  *Does not include unroutable nets such as driverless and loadless.
  Run report_route_status for detailed report.
  Number of Failed Nets               = 0
  Number of Unrouted Nets             = 0
  Number of Partially Routed Nets     = 0
  Number of Node Overlaps             = 0

Phase 7 Route finalize | Checksum: 1c4750323

Time (s): cpu = 00:00:23 ; elapsed = 00:00:20 . Memory (MB): peak = 1421.266 ; gain = 162.812

Phase 8 Verifying routed nets

 Verification completed successfully
Phase 8 Verifying routed nets | Checksum: 1c4750323

Time (s): cpu = 00:00:23 ; elapsed = 00:00:20 . Memory (MB): peak = 1423.316 ; gain = 164.863

Phase 9 Depositing Routes
Phase 9 Depositing Routes | Checksum: 17c6d163a

Time (s): cpu = 00:00:23 ; elapsed = 00:00:20 . Memory (MB): peak = 1423.316 ; gain = 164.863

Phase 10 Post Router Timing
INFO: [Route 35-57] Estimated Timing Summary | WNS=18.236 | TNS=0.000  | WHS=0.158  | THS=0.000  |

INFO: [Route 35-327] The final timing numbers are based on the router estimated timing analysis. For a complete and accurate timing signoff, please run report_timing_summary.
Phase 10 Post Router Timing | Checksum: 17c6d163a

Time (s): cpu = 00:00:23 ; elapsed = 00:00:20 . Memory (MB): peak = 1423.316 ; gain = 164.863
INFO: [Route 35-16] Router Completed Successfully

Time (s): cpu = 00:00:23 ; elapsed = 00:00:20 . Memory (MB): peak = 1423.316 ; gain = 164.863

Routing Is Done.
INFO: [Common 17-83] Releasing license: Implementation
70 Infos, 0 Warnings, 0 Critical Warnings and 0 Errors encountered.
route_design completed successfully
route_design: Time (s): cpu = 00:00:24 ; elapsed = 00:00:21 . Memory (MB): peak = 1423.316 ; gain = 164.863
Netlist sorting complete. Time (s): cpu = 00:00:00 ; elapsed = 00:00:00 . Memory (MB): peak = 1423.316 ; gain = 0.000
INFO: [Timing 38-480] Writing timing data to binary archive.
Writing placer database...
Writing XDEF routing.
Writing XDEF routing logical nets.
Writing XDEF routing special nets.
Write XDEF Complete: Time (s): cpu = 00:00:00 ; elapsed = 00:00:00.042 . Memory (MB): peak = 1423.316 ; gain = 0.000
Netlist sorting complete. Time (s): cpu = 00:00:00 ; elapsed = 00:00:00 . Memory (MB): peak = 1423.316 ; gain = 0.000
INFO: [Common 17-1381] The checkpoint 'E:/midterm/NYU-6463-RV32I Processor_Group40/NYU-6463-RV32I Processor_Group4/NYU-6463-RV32I Processor.runs/impl_1/nyu_Processor_routed.dcp' has been generated.
INFO: [runtcl-4] Executing : report_drc -file nyu_Processor_drc_routed.rpt -pb nyu_Processor_drc_routed.pb -rpx nyu_Processor_drc_routed.rpx
Command: report_drc -file nyu_Processor_drc_routed.rpt -pb nyu_Processor_drc_routed.pb -rpx nyu_Processor_drc_routed.rpx
INFO: [IP_Flow 19-1839] IP Catalog is up to date.
INFO: [DRC 23-27] Running DRC with 2 threads
INFO: [Coretcl 2-168] The results of DRC are in file E:/midterm/NYU-6463-RV32I Processor_Group40/NYU-6463-RV32I Processor_Group4/NYU-6463-RV32I Processor.runs/impl_1/nyu_Processor_drc_routed.rpt.
report_drc completed successfully
INFO: [runtcl-4] Executing : report_methodology -file nyu_Processor_methodology_drc_routed.rpt -pb nyu_Processor_methodology_drc_routed.pb -rpx nyu_Processor_methodology_drc_routed.rpx
Command: report_methodology -file nyu_Processor_methodology_drc_routed.rpt -pb nyu_Processor_methodology_drc_routed.pb -rpx nyu_Processor_methodology_drc_routed.rpx
INFO: [DRC 23-133] Running Methodology with 2 threads
INFO: [Coretcl 2-1520] The results of Report Methodology are in file E:/midterm/NYU-6463-RV32I Processor_Group40/NYU-6463-RV32I Processor_Group4/NYU-6463-RV32I Processor.runs/impl_1/nyu_Processor_methodology_drc_routed.rpt.
report_methodology completed successfully
INFO: [runtcl-4] Executing : report_power -file nyu_Processor_power_routed.rpt -pb nyu_Processor_power_summary_routed.pb -rpx nyu_Processor_power_routed.rpx
Command: report_power -file nyu_Processor_power_routed.rpt -pb nyu_Processor_power_summary_routed.pb -rpx nyu_Processor_power_routed.rpx
Running Vector-less Activity Propagation...

Finished Running Vector-less Activity Propagation
80 Infos, 0 Warnings, 0 Critical Warnings and 0 Errors encountered.
report_power completed successfully
INFO: [runtcl-4] Executing : report_route_status -file nyu_Processor_route_status.rpt -pb nyu_Processor_route_status.pb
INFO: [runtcl-4] Executing : report_timing_summary -max_paths 10 -file nyu_Processor_timing_summary_routed.rpt -pb nyu_Processor_timing_summary_routed.pb -rpx nyu_Processor_timing_summary_routed.rpx -warn_on_violation 
INFO: [runtcl-4] Executing : report_incremental_reuse -file nyu_Processor_incremental_reuse_routed.rpt
INFO: [Vivado_Tcl 4-1062] Incremental flow is disabled. No incremental reuse Info to report.
INFO: [runtcl-4] Executing : report_clock_utilization -file nyu_Processor_clock_utilization_routed.rpt
INFO: [runtcl-4] Executing : report_bus_skew -warn_on_violation -file nyu_Processor_bus_skew_routed.rpt -pb nyu_Processor_bus_skew_routed.pb -rpx nyu_Processor_bus_skew_routed.rpx
INFO: [Common 17-206] Exiting Vivado at Wed Dec 15 03:40:54 2021...
